0 info it worked if it ends with ok
1 verbose cli [ '/usr/local/bin/node',
1 verbose cli   '/usr/local/bin/npm',
1 verbose cli   'install',
1 verbose cli   'karma-phantomjs-launcher',
1 verbose cli   'karma-jasmine',
1 verbose cli   'grunt-karma',
1 verbose cli   '--save-dev' ]
2 info using npm@2.5.1
3 info using node@v0.12.0
4 warn package.json cvproject@0.0.0 No description
5 silly cache add args [ 'karma-phantomjs-launcher', null ]
6 verbose cache add spec karma-phantomjs-launcher
7 silly cache add args [ 'karma-jasmine', null ]
8 verbose cache add spec karma-jasmine
9 silly cache add args [ 'grunt-karma', null ]
10 verbose cache add spec grunt-karma
11 silly cache add parsed spec { raw: 'karma-phantomjs-launcher',
11 silly cache add   scope: null,
11 silly cache add   name: 'karma-phantomjs-launcher',
11 silly cache add   rawSpec: '',
11 silly cache add   spec: '*',
11 silly cache add   type: 'range' }
12 verbose addNamed karma-phantomjs-launcher@*
13 silly addNamed semver.valid null
14 silly addNamed semver.validRange *
15 silly addNameRange { name: 'karma-phantomjs-launcher', range: '*', hasData: false }
16 silly mapToRegistry name karma-phantomjs-launcher
17 silly mapToRegistry using default registry
18 silly mapToRegistry registry https://registry.npmjs.org/
19 silly mapToRegistry uri https://registry.npmjs.org/karma-phantomjs-launcher
20 verbose addNameRange registry:https://registry.npmjs.org/karma-phantomjs-launcher not in flight; fetching
21 silly cache add parsed spec { raw: 'karma-jasmine',
21 silly cache add   scope: null,
21 silly cache add   name: 'karma-jasmine',
21 silly cache add   rawSpec: '',
21 silly cache add   spec: '*',
21 silly cache add   type: 'range' }
22 verbose addNamed karma-jasmine@*
23 silly addNamed semver.valid null
24 silly addNamed semver.validRange *
25 silly addNameRange { name: 'karma-jasmine', range: '*', hasData: false }
26 silly mapToRegistry name karma-jasmine
27 silly mapToRegistry using default registry
28 silly mapToRegistry registry https://registry.npmjs.org/
29 silly mapToRegistry uri https://registry.npmjs.org/karma-jasmine
30 verbose addNameRange registry:https://registry.npmjs.org/karma-jasmine not in flight; fetching
31 silly cache add parsed spec { raw: 'grunt-karma',
31 silly cache add   scope: null,
31 silly cache add   name: 'grunt-karma',
31 silly cache add   rawSpec: '',
31 silly cache add   spec: '*',
31 silly cache add   type: 'range' }
32 verbose addNamed grunt-karma@*
33 silly addNamed semver.valid null
34 silly addNamed semver.validRange *
35 silly addNameRange { name: 'grunt-karma', range: '*', hasData: false }
36 silly mapToRegistry name grunt-karma
37 silly mapToRegistry using default registry
38 silly mapToRegistry registry https://registry.npmjs.org/
39 silly mapToRegistry uri https://registry.npmjs.org/grunt-karma
40 verbose addNameRange registry:https://registry.npmjs.org/grunt-karma not in flight; fetching
41 verbose request uri https://registry.npmjs.org/karma-phantomjs-launcher
42 verbose request no auth needed
43 info attempt registry request try #1 at 20:02:26
44 verbose request id a685b8591f31f33d
45 http request GET https://registry.npmjs.org/karma-phantomjs-launcher
46 verbose request uri https://registry.npmjs.org/karma-jasmine
47 verbose request no auth needed
48 info attempt registry request try #1 at 20:02:26
49 http request GET https://registry.npmjs.org/karma-jasmine
50 verbose request uri https://registry.npmjs.org/grunt-karma
51 verbose request no auth needed
52 info attempt registry request try #1 at 20:02:26
53 http request GET https://registry.npmjs.org/grunt-karma
54 http 200 https://registry.npmjs.org/karma-phantomjs-launcher
55 silly get cb [ 200,
55 silly get   { date: 'Sat, 14 Feb 2015 19:02:27 GMT',
55 silly get     server: 'CouchDB/1.5.0 (Erlang OTP/R16B03)',
55 silly get     etag: '"8OFXL875Z163A8SOU75KDC4B7"',
55 silly get     'content-type': 'application/json',
55 silly get     'cache-control': 'max-age=60',
55 silly get     'content-length': '12801',
55 silly get     'accept-ranges': 'bytes',
55 silly get     via: '1.1 varnish',
55 silly get     age: '51',
55 silly get     'x-served-by': 'cache-lhr6329-LHR',
55 silly get     'x-cache': 'HIT',
55 silly get     'x-cache-hits': '1',
55 silly get     'x-timer': 'S1423940547.385573,VS0,VE0',
55 silly get     vary: 'Accept',
55 silly get     'keep-alive': 'timeout=10, max=50',
55 silly get     connection: 'Keep-Alive' } ]
56 verbose get saving karma-phantomjs-launcher to /home/sergio/.npm/registry.npmjs.org/karma-phantomjs-launcher/.cache.json
57 silly addNameRange number 2 { name: 'karma-phantomjs-launcher', range: '*', hasData: true }
58 silly addNameRange versions [ 'karma-phantomjs-launcher',
58 silly addNameRange   [ '0.0.1',
58 silly addNameRange     '0.0.2',
58 silly addNameRange     '0.0.3',
58 silly addNameRange     '0.1.0',
58 silly addNameRange     '0.1.1',
58 silly addNameRange     '0.1.2',
58 silly addNameRange     '0.1.3',
58 silly addNameRange     '0.1.4' ] ]
59 verbose addNamed karma-phantomjs-launcher@0.1.4
60 silly addNamed semver.valid 0.1.4
61 silly addNamed semver.validRange 0.1.4
62 silly mapToRegistry name karma-phantomjs-launcher
63 silly mapToRegistry using default registry
64 silly mapToRegistry registry https://registry.npmjs.org/
65 silly mapToRegistry uri https://registry.npmjs.org/karma-phantomjs-launcher
66 verbose addRemoteTarball https://registry.npmjs.org/karma-phantomjs-launcher/-/karma-phantomjs-launcher-0.1.4.tgz not in flight; adding
67 verbose addRemoteTarball [ 'https://registry.npmjs.org/karma-phantomjs-launcher/-/karma-phantomjs-launcher-0.1.4.tgz',
67 verbose addRemoteTarball   '4ef96e4322ff63ae5d918e51c25b213723238f30' ]
68 info retry fetch attempt 1 at 20:02:27
69 info attempt registry request try #1 at 20:02:27
70 http fetch GET https://registry.npmjs.org/karma-phantomjs-launcher/-/karma-phantomjs-launcher-0.1.4.tgz
71 http 200 https://registry.npmjs.org/grunt-karma
72 silly get cb [ 200,
72 silly get   { date: 'Sat, 14 Feb 2015 19:02:27 GMT',
72 silly get     server: 'CouchDB/1.5.0 (Erlang OTP/R16B03)',
72 silly get     etag: '"DW2RPRGKN9YN133WSHR3EDLV1"',
72 silly get     'content-type': 'application/json',
72 silly get     'cache-control': 'max-age=60',
72 silly get     'content-length': '44596',
72 silly get     'accept-ranges': 'bytes',
72 silly get     via: '1.1 varnish',
72 silly get     age: '51',
72 silly get     'x-served-by': 'cache-lhr6324-LHR',
72 silly get     'x-cache': 'HIT',
72 silly get     'x-cache-hits': '1',
72 silly get     'x-timer': 'S1423940547.403212,VS0,VE1',
72 silly get     vary: 'Accept',
72 silly get     'keep-alive': 'timeout=10, max=50',
72 silly get     connection: 'Keep-Alive' } ]
73 verbose get saving grunt-karma to /home/sergio/.npm/registry.npmjs.org/grunt-karma/.cache.json
74 http 200 https://registry.npmjs.org/karma-jasmine
75 silly get cb [ 200,
75 silly get   { date: 'Sat, 14 Feb 2015 19:02:27 GMT',
75 silly get     server: 'CouchDB/1.5.0 (Erlang OTP/R16B03)',
75 silly get     etag: '"U9T8177EKORM01F4N4OHO7EW"',
75 silly get     'content-type': 'application/json',
75 silly get     'cache-control': 'max-age=60',
75 silly get     'content-length': '32158',
75 silly get     'accept-ranges': 'bytes',
75 silly get     via: '1.1 varnish',
75 silly get     age: '51',
75 silly get     'x-served-by': 'cache-lhr6328-LHR',
75 silly get     'x-cache': 'HIT',
75 silly get     'x-cache-hits': '1',
75 silly get     'x-timer': 'S1423940547.414040,VS0,VE1',
75 silly get     vary: 'Accept',
75 silly get     'keep-alive': 'timeout=10, max=50',
75 silly get     connection: 'Keep-Alive' } ]
76 verbose get saving karma-jasmine to /home/sergio/.npm/registry.npmjs.org/karma-jasmine/.cache.json
77 silly addNameRange number 2 { name: 'grunt-karma', range: '*', hasData: true }
78 silly addNameRange versions [ 'grunt-karma',
78 silly addNameRange   [ '0.3.0',
78 silly addNameRange     '0.4.0',
78 silly addNameRange     '0.4.1',
78 silly addNameRange     '0.4.2',
78 silly addNameRange     '0.4.3',
78 silly addNameRange     '0.4.4',
78 silly addNameRange     '0.5.0',
78 silly addNameRange     '0.4.5',
78 silly addNameRange     '0.5.1',
78 silly addNameRange     '0.5.2',
78 silly addNameRange     '0.4.6',
78 silly addNameRange     '0.5.3',
78 silly addNameRange     '0.5.4',
78 silly addNameRange     '0.6.0',
78 silly addNameRange     '0.6.1',
78 silly addNameRange     '0.7.0',
78 silly addNameRange     '0.6.2',
78 silly addNameRange     '0.7.1',
78 silly addNameRange     '0.7.2',
78 silly addNameRange     '0.7.3',
78 silly addNameRange     '0.8.0',
78 silly addNameRange     '0.8.1',
78 silly addNameRange     '0.8.2',
78 silly addNameRange     '0.8.3',
78 silly addNameRange     '0.9.0',
78 silly addNameRange     '0.10.0',
78 silly addNameRange     '0.10.1' ] ]
79 verbose addNamed grunt-karma@0.10.1
80 silly addNamed semver.valid 0.10.1
81 silly addNamed semver.validRange 0.10.1
82 silly addNameRange number 2 { name: 'karma-jasmine', range: '*', hasData: true }
83 silly addNameRange versions [ 'karma-jasmine',
83 silly addNameRange   [ '0.0.1',
83 silly addNameRange     '0.0.2',
83 silly addNameRange     '0.0.3',
83 silly addNameRange     '0.1.0',
83 silly addNameRange     '0.1.1',
83 silly addNameRange     '0.1.2',
83 silly addNameRange     '0.1.3',
83 silly addNameRange     '0.1.4',
83 silly addNameRange     '0.1.5',
83 silly addNameRange     '0.2.0',
83 silly addNameRange     '0.2.1',
83 silly addNameRange     '0.2.2',
83 silly addNameRange     '0.2.3',
83 silly addNameRange     '0.3.0',
83 silly addNameRange     '0.3.1',
83 silly addNameRange     '0.3.2',
83 silly addNameRange     '0.3.3',
83 silly addNameRange     '0.3.4',
83 silly addNameRange     '0.3.5' ] ]
84 verbose addNamed karma-jasmine@0.3.5
85 silly addNamed semver.valid 0.3.5
86 silly addNamed semver.validRange 0.3.5
87 silly mapToRegistry name grunt-karma
88 silly mapToRegistry using default registry
89 silly mapToRegistry registry https://registry.npmjs.org/
90 silly mapToRegistry uri https://registry.npmjs.org/grunt-karma
91 verbose addRemoteTarball https://registry.npmjs.org/grunt-karma/-/grunt-karma-0.10.1.tgz not in flight; adding
92 verbose addRemoteTarball [ 'https://registry.npmjs.org/grunt-karma/-/grunt-karma-0.10.1.tgz',
92 verbose addRemoteTarball   '255fae402bb04409cf95c6ac77e8c1968934924b' ]
93 silly mapToRegistry name karma-jasmine
94 silly mapToRegistry using default registry
95 silly mapToRegistry registry https://registry.npmjs.org/
96 silly mapToRegistry uri https://registry.npmjs.org/karma-jasmine
97 verbose addRemoteTarball https://registry.npmjs.org/karma-jasmine/-/karma-jasmine-0.3.5.tgz not in flight; adding
98 verbose addRemoteTarball [ 'https://registry.npmjs.org/karma-jasmine/-/karma-jasmine-0.3.5.tgz',
98 verbose addRemoteTarball   'd6c7bce49f0747b59b557156502a28009a44055d' ]
99 info retry fetch attempt 1 at 20:02:27
100 info attempt registry request try #1 at 20:02:27
101 http fetch GET https://registry.npmjs.org/grunt-karma/-/grunt-karma-0.10.1.tgz
102 info retry fetch attempt 1 at 20:02:27
103 info attempt registry request try #1 at 20:02:27
104 http fetch GET https://registry.npmjs.org/karma-jasmine/-/karma-jasmine-0.3.5.tgz
105 http fetch 200 https://registry.npmjs.org/karma-phantomjs-launcher/-/karma-phantomjs-launcher-0.1.4.tgz
106 silly fetchAndShaCheck shasum 4ef96e4322ff63ae5d918e51c25b213723238f30
107 verbose addTmpTarball /tmp/npm-5397-b7d582f6/registry.npmjs.org/karma-phantomjs-launcher/-/karma-phantomjs-launcher-0.1.4.tgz not in flight; adding
108 verbose addTmpTarball already have metadata; skipping unpack for karma-phantomjs-launcher@0.1.4
109 silly cache afterAdd karma-phantomjs-launcher@0.1.4
110 verbose afterAdd /home/sergio/.npm/karma-phantomjs-launcher/0.1.4/package/package.json not in flight; writing
111 verbose afterAdd /home/sergio/.npm/karma-phantomjs-launcher/0.1.4/package/package.json written
112 http fetch 200 https://registry.npmjs.org/grunt-karma/-/grunt-karma-0.10.1.tgz
113 silly fetchAndShaCheck shasum 255fae402bb04409cf95c6ac77e8c1968934924b
114 verbose addTmpTarball /tmp/npm-5397-b7d582f6/registry.npmjs.org/grunt-karma/-/grunt-karma-0.10.1.tgz not in flight; adding
115 verbose addTmpTarball already have metadata; skipping unpack for grunt-karma@0.10.1
116 silly cache afterAdd grunt-karma@0.10.1
117 verbose afterAdd /home/sergio/.npm/grunt-karma/0.10.1/package/package.json not in flight; writing
118 verbose afterAdd /home/sergio/.npm/grunt-karma/0.10.1/package/package.json written
119 http fetch 200 https://registry.npmjs.org/karma-jasmine/-/karma-jasmine-0.3.5.tgz
120 silly fetchAndShaCheck shasum d6c7bce49f0747b59b557156502a28009a44055d
121 verbose addTmpTarball /tmp/npm-5397-b7d582f6/registry.npmjs.org/karma-jasmine/-/karma-jasmine-0.3.5.tgz not in flight; adding
122 verbose addTmpTarball already have metadata; skipping unpack for karma-jasmine@0.3.5
123 silly cache afterAdd karma-jasmine@0.3.5
124 verbose afterAdd /home/sergio/.npm/karma-jasmine/0.3.5/package/package.json not in flight; writing
125 verbose afterAdd /home/sergio/.npm/karma-jasmine/0.3.5/package/package.json written
126 silly install resolved [ { name: 'karma-phantomjs-launcher',
126 silly install resolved     version: '0.1.4',
126 silly install resolved     description: 'A Karma plugin. Launcher for PhantomJS.',
126 silly install resolved     main: 'index.js',
126 silly install resolved     scripts: { test: 'echo "Error: no test specified" && exit 1' },
126 silly install resolved     repository:
126 silly install resolved      { type: 'git',
126 silly install resolved        url: 'git://github.com/karma-runner/karma-phantomjs-launcher.git' },
126 silly install resolved     keywords: [ 'karma-plugin', 'karma-launcher', 'phantomjs' ],
126 silly install resolved     author: { name: 'Vojta Jina', email: 'vojta.jina@gmail.com' },
126 silly install resolved     dependencies: { phantomjs: '~1.9' },
126 silly install resolved     peerDependencies: { karma: '>=0.9' },
126 silly install resolved     license: 'MIT',
126 silly install resolved     devDependencies:
126 silly install resolved      { grunt: '~0.4.1',
126 silly install resolved        'grunt-npm': '~0.0.2',
126 silly install resolved        'grunt-bump': '~0.0.7',
126 silly install resolved        'grunt-auto-release': '~0.0.2' },
126 silly install resolved     contributors:
126 silly install resolved      [ [Object],
126 silly install resolved        [Object],
126 silly install resolved        [Object],
126 silly install resolved        [Object],
126 silly install resolved        [Object],
126 silly install resolved        [Object],
126 silly install resolved        [Object],
126 silly install resolved        [Object],
126 silly install resolved        [Object],
126 silly install resolved        [Object] ],
126 silly install resolved     bugs: { url: 'https://github.com/karma-runner/karma-phantomjs-launcher/issues' },
126 silly install resolved     homepage: 'https://github.com/karma-runner/karma-phantomjs-launcher',
126 silly install resolved     _id: 'karma-phantomjs-launcher@0.1.4',
126 silly install resolved     dist:
126 silly install resolved      { shasum: '4ef96e4322ff63ae5d918e51c25b213723238f30',
126 silly install resolved        tarball: 'http://registry.npmjs.org/karma-phantomjs-launcher/-/karma-phantomjs-launcher-0.1.4.tgz' },
126 silly install resolved     _from: 'karma-phantomjs-launcher@*',
126 silly install resolved     _npmVersion: '1.4.4',
126 silly install resolved     _npmUser: { name: 'vojtajina', email: 'vojta.jina@gmail.com' },
126 silly install resolved     maintainers: [ [Object] ],
126 silly install resolved     directories: {},
126 silly install resolved     _shasum: '4ef96e4322ff63ae5d918e51c25b213723238f30',
126 silly install resolved     _resolved: 'https://registry.npmjs.org/karma-phantomjs-launcher/-/karma-phantomjs-launcher-0.1.4.tgz' },
126 silly install resolved   { name: 'grunt-karma',
126 silly install resolved     version: '0.10.1',
126 silly install resolved     description: 'grunt plugin for karma test runner',
126 silly install resolved     main: 'tasks/grunt-karma.js',
126 silly install resolved     repository:
126 silly install resolved      { type: 'git',
126 silly install resolved        url: 'https://github.com/karma-runner/grunt-karma.git' },
126 silly install resolved     keywords: [ 'gruntplugin', 'karma', 'grunt', 'test', 'unit', 'runner', 'TDD' ],
126 silly install resolved     scripts: { test: 'grunt test' },
126 silly install resolved     author: { name: 'Dave Geddes' },
126 silly install resolved     license: 'MIT',
126 silly install resolved     dependencies: { lodash: '~2.4.1' },
126 silly install resolved     devDependencies:
126 silly install resolved      { 'coffee-script': '~1.8.0',
126 silly install resolved        'expect.js': '^0.3.1',
126 silly install resolved        grunt: '~0.4.3',
126 silly install resolved        'grunt-auto-release': '0.0.6',
126 silly install resolved        'grunt-bump': '0.0.16',
126 silly install resolved        'grunt-contrib-jshint': '~0.10.0',
126 silly install resolved        'grunt-contrib-watch': '~0.2.0',
126 silly install resolved        'grunt-conventional-changelog': '~0.0.12',
126 silly install resolved        'grunt-jscs-checker': '~0.6.1',
126 silly install resolved        'grunt-npm': '0.0.2',
126 silly install resolved        karma: '~0.12.0',
126 silly install resolved        'karma-chrome-launcher': '~0.1.2',
126 silly install resolved        'karma-firefox-launcher': '~0.1.3',
126 silly install resolved        'karma-mocha': '~0.1.3' },
126 silly install resolved     peerDependencies: { grunt: '0.4.x', karma: '~0.12.0' },
126 silly install resolved     contributors:
126 silly install resolved      [ [Object],
126 silly install resolved        [Object],
126 silly install resolved        [Object],
126 silly install resolved        [Object],
126 silly install resolved        [Object],
126 silly install resolved        [Object],
126 silly install resolved        [Object],
126 silly install resolved        [Object],
126 silly install resolved        [Object],
126 silly install resolved        [Object],
126 silly install resolved        [Object],
126 silly install resolved        [Object],
126 silly install resolved        [Object],
126 silly install resolved        [Object],
126 silly install resolved        [Object],
126 silly install resolved        [Object],
126 silly install resolved        [Object],
126 silly install resolved        [Object],
126 silly install resolved        [Object],
126 silly install resolved        [Object],
126 silly install resolved        [Object],
126 silly install resolved        [Object],
126 silly install resolved        [Object],
126 silly install resolved        [Object] ],
126 silly install resolved     gitHead: '5d2cfb3a565a7a892b8da696c20f6ea973b626cf',
126 silly install resolved     bugs: { url: 'https://github.com/karma-runner/grunt-karma/issues' },
126 silly install resolved     homepage: 'https://github.com/karma-runner/grunt-karma',
126 silly install resolved     _id: 'grunt-karma@0.10.1',
126 silly install resolved     _shasum: '255fae402bb04409cf95c6ac77e8c1968934924b',
126 silly install resolved     _from: 'grunt-karma@*',
126 silly install resolved     _npmVersion: '2.1.9',
126 silly install resolved     _nodeVersion: '0.10.33',
126 silly install resolved     _npmUser: { name: 'dignifiedquire', email: 'dignifiedquire@gmail.com' },
126 silly install resolved     maintainers: [ [Object], [Object], [Object], [Object] ],
126 silly install resolved     dist:
126 silly install resolved      { shasum: '255fae402bb04409cf95c6ac77e8c1968934924b',
126 silly install resolved        tarball: 'http://registry.npmjs.org/grunt-karma/-/grunt-karma-0.10.1.tgz' },
126 silly install resolved     directories: {},
126 silly install resolved     _resolved: 'https://registry.npmjs.org/grunt-karma/-/grunt-karma-0.10.1.tgz' },
126 silly install resolved   { name: 'karma-jasmine',
126 silly install resolved     version: '0.3.5',
126 silly install resolved     description: 'A Karma plugin - adapter for Jasmine testing framework.',
126 silly install resolved     main: 'lib/index.js',
126 silly install resolved     scripts: { test: 'grunt test' },
126 silly install resolved     repository:
126 silly install resolved      { type: 'git',
126 silly install resolved        url: 'git://github.com/karma-runner/karma-jasmine.git' },
126 silly install resolved     keywords: [ 'karma-plugin', 'karma-adapter', 'jasmine' ],
126 silly install resolved     author: { name: 'Vojta Jina', email: 'vojta.jina@gmail.com' },
126 silly install resolved     dependencies: {},
126 silly install resolved     devDependencies:
126 silly install resolved      { grunt: '~0.4.1',
126 silly install resolved        'grunt-contrib-jshint': '~0.6',
126 silly install resolved        karma: '~0.12.0',
126 silly install resolved        'karma-jasmine': '~0.1.0',
126 silly install resolved        'karma-chrome-launcher': '~0.1.0',
126 silly install resolved        'karma-firefox-launcher': '~0.1.0',
126 silly install resolved        'grunt-karma': '~0.8.0',
126 silly install resolved        'grunt-auto-release': '~0.0.2',
126 silly install resolved        'grunt-npm': '~0.0.2',
126 silly install resolved        'grunt-bump': '~0.0.7',
126 silly install resolved        'jasmine-core': '~2.1.0' },
126 silly install resolved     peerDependencies: { karma: '>=0.9', 'jasmine-core': '*' },
126 silly install resolved     license: 'MIT',
126 silly install resolved     contributors:
126 silly install resolved      [ [Object],
126 silly install resolved        [Object],
126 silly install resolved        [Object],
126 silly install resolved        [Object],
126 silly install resolved        [Object],
126 silly install resolved        [Object],
126 silly install resolved        [Object],
126 silly install resolved        [Object],
126 silly install resolved        [Object],
126 silly install resolved        [Object],
126 silly install resolved        [Object],
126 silly install resolved        [Object],
126 silly install resolved        [Object] ],
126 silly install resolved     bugs: { url: 'https://github.com/karma-runner/karma-jasmine/issues' },
126 silly install resolved     homepage: 'https://github.com/karma-runner/karma-jasmine',
126 silly install resolved     _id: 'karma-jasmine@0.3.5',
126 silly install resolved     dist:
126 silly install resolved      { shasum: 'd6c7bce49f0747b59b557156502a28009a44055d',
126 silly install resolved        tarball: 'http://registry.npmjs.org/karma-jasmine/-/karma-jasmine-0.3.5.tgz' },
126 silly install resolved     _from: 'karma-jasmine@*',
126 silly install resolved     _npmVersion: '1.4.4',
126 silly install resolved     _npmUser: { name: 'vojtajina', email: 'vojta.jina@gmail.com' },
126 silly install resolved     maintainers: [ [Object], [Object] ],
126 silly install resolved     directories: {},
126 silly install resolved     _shasum: 'd6c7bce49f0747b59b557156502a28009a44055d',
126 silly install resolved     _resolved: 'https://registry.npmjs.org/karma-jasmine/-/karma-jasmine-0.3.5.tgz' } ]
127 info install karma-phantomjs-launcher@0.1.4 into /home/sergio/Repositorios/cv_project
128 info install grunt-karma@0.10.1 into /home/sergio/Repositorios/cv_project
129 info install karma-jasmine@0.3.5 into /home/sergio/Repositorios/cv_project
130 info installOne karma-phantomjs-launcher@0.1.4
131 verbose installOne of karma-phantomjs-launcher to /home/sergio/Repositorios/cv_project not in flight; installing
132 info installOne grunt-karma@0.10.1
133 verbose installOne of grunt-karma to /home/sergio/Repositorios/cv_project not in flight; installing
134 info installOne karma-jasmine@0.3.5
135 verbose installOne of karma-jasmine to /home/sergio/Repositorios/cv_project not in flight; installing
136 warn locking Error: EACCES, open '/home/sergio/.npm/_locks/karma-phantomjs-launcher-13f78fdf17c8d32d.lock'
136 warn locking     at Error (native)
136 warn locking  /home/sergio/.npm/_locks/karma-phantomjs-launcher-13f78fdf17c8d32d.lock failed { [Error: EACCES, open '/home/sergio/.npm/_locks/karma-phantomjs-launcher-13f78fdf17c8d32d.lock']
136 warn locking   errno: -13,
136 warn locking   code: 'EACCES',
136 warn locking   path: '/home/sergio/.npm/_locks/karma-phantomjs-launcher-13f78fdf17c8d32d.lock' }
137 verbose stack Error: Attempt to unlock /home/sergio/Repositorios/cv_project/node_modules/karma-phantomjs-launcher, which hasn't been locked
137 verbose stack     at unlock (/usr/local/lib/node_modules/npm/lib/utils/locker.js:66:11)
137 verbose stack     at cb (/usr/local/lib/node_modules/npm/lib/install.js:929:5)
137 verbose stack     at /usr/local/lib/node_modules/npm/lib/install.js:933:20
137 verbose stack     at /usr/local/lib/node_modules/npm/lib/utils/locker.js:40:9
137 verbose stack     at cb (/usr/local/lib/node_modules/npm/node_modules/lockfile/lockfile.js:149:38)
137 verbose stack     at /usr/local/lib/node_modules/npm/node_modules/lockfile/lockfile.js:177:38
137 verbose stack     at FSReqWrap.oncomplete (fs.js:99:15)
138 verbose cwd /home/sergio/Repositorios/cv_project
139 error Linux 3.16.0-30-generic
140 error argv "/usr/local/bin/node" "/usr/local/bin/npm" "install" "karma-phantomjs-launcher" "karma-jasmine" "grunt-karma" "--save-dev"
141 error node v0.12.0
142 error npm  v2.5.1
143 error Attempt to unlock /home/sergio/Repositorios/cv_project/node_modules/karma-phantomjs-launcher, which hasn't been locked
144 error If you need help, you may report this error at:
144 error     <http://github.com/npm/npm/issues>
145 verbose exit [ 1, true ]
